<?xml version="1.0" encoding="UTF-8"?>
<!-- Generated by org.testng.reporters.JUnitReportReporter -->
<testsuite hostname="WINDOWS-U0QRHGQ" name="googlelaunch.Google" tests="1" failures="0" timestamp="8 Mar 2020 06:54:26 GMT" time="21.918" errors="0">
  <testcase name="googlelaunchcode" time="21.918" classname="googlelaunch.Google"/>
</testsuite> <!-- googlelaunch.Google -->
